{"total": {"lines":{"total":11,"covered":10,"skipped":0,"pct":90.9},"statements":{"total":11,"covered":10,"skipped":0,"pct":90.9},"functions":{"total":2,"covered":2,"skipped":0,"pct":100},"branches":{"total":15,"covered":8,"skipped":0,"pct":53.33},"branchesTrue":{"total":0,"covered":0,"skipped":0,"pct":100}}
,"/home/namtc07/Documents/WORK/abcxx/pet-pamper-client/components/ThemedText.tsx": {"lines":{"total":3,"covered":3,"skipped":0,"pct":100},"functions":{"total":1,"covered":1,"skipped":0,"pct":100},"statements":{"total":3,"covered":3,"skipped":0,"pct":100},"branches":{"total":11,"covered":6,"skipped":0,"pct":54.54}}
,"/home/namtc07/Documents/WORK/abcxx/pet-pamper-client/constants/Colors.ts": {"lines":{"total":3,"covered":3,"skipped":0,"pct":100},"functions":{"total":0,"covered":0,"skipped":0,"pct":100},"statements":{"total":3,"covered":3,"skipped":0,"pct":100},"branches":{"total":0,"covered":0,"skipped":0,"pct":100}}
,"/home/namtc07/Documents/WORK/abcxx/pet-pamper-client/hooks/useThemeColor.ts": {"lines":{"total":5,"covered":4,"skipped":0,"pct":80},"functions":{"total":1,"covered":1,"skipped":0,"pct":100},"statements":{"total":5,"covered":4,"skipped":0,"pct":80},"branches":{"total":4,"covered":2,"skipped":0,"pct":50}}
}
